0
0
0
0
0
0
0
0
0
0
0
0
0
0
0
0
0
0
0
0
0
0
0
0
0
0
0
0
0
0
0
0
0
0
0
0
0
0
0
0
0
0
0
0
0
0
0
0
0
0
0
0
111.111
114.286
115.942
116.788
116.788
116.788
115.108
113.475
113.475
113.475
113.475
111.111
109.589
108.108
107.383
105.96
104.575
101.266
0
0
0
0
0
0
0
0
0
0
0
0
0
0
0
0
0
0
0
0
0
0
0
0
0
0
0
0
0
122.137
122.137
116.788
116.788
124.031
124.031
124.031
124.031
129.032
129.032
125
125
125
123.077
123.077
231.884
231.884
114.286
114.286
114.286
114.286
114.286
114.286
113.475
112.676
111.888
108.844
108.844
108.844
108.844
108.844
96.9697
94.6746
0
0
0
0
0
0
0
0
0
0
0
0
0
0
0
0
0
0
0
0
0
0
0
0
0
0
0
0
0
0
0
0
500
500
0
0
0
113.475
113.475
112.676
111.888
110.345
109.589
108.108
108.108
108.108
106.667
103.896
102.564
102.564
100.629
0
0
0
0
0
105.96
106.667
106.667
106.667
107.383
110.345
112.676
112.676
112.676
114.286
114.286
114.286
111.888
111.888
111.888
111.888
111.888
108.844
108.844
110.345
110.345
108.844
107.383
106.667
105.263
103.896
102.564
101.911
101.911
101.266
101.266
100.629
99.3789
0
0
0
0
99.3789
101.911
101.911
102.564
104.575
105.263
105.96
109.589
114.286
118.519
124.031
125
125
0
0
0
0
0
0
0
0
0
0
0
0
0
0
0
0
0
107.383
109.589
109.589
108.844
105.263
101.266
100.629
98.7654
97.561
93.5673
0
0
0
0
0
0
105.96
105.96
103.896
103.896
103.226
101.911
101.266
101.266
101.266
102.564
103.896
105.96
105.96
105.96
105.96
105.96
0
0
0
0
98.1595
98.1595
96.9697
96.3855
94.6746
93.0233
93.0233
93.5673
93.5673
93.0233
89.8876
89.8876
90.9091
90.9091
88.8889
83.7696
0
0
0
0
0
500
500
444.444
444.444
0
0
0
0
105.263
105.263
103.896
102.564
101.266
96.3855
90.9091
90.9091
90.9091
108.108
108.108
105.96
105.263
0
0
0
0
0
0
116.788
116.788
116.788
116.788
0
0
0
0
106.667
106.667
0
0
101.911
102.564
104.575
105.263
108.108
111.111
114.286
117.647
118.519
118.519
117.647
115.942
113.475
107.383
107.383
107.383
107.383
107.383
103.896
103.226
101.911
0
0
0
0
0
0
0
0
98.1595
100.629
100.629
100.629
100.629
98.7654
98.7654
98.7654
0
0
0
104.575
104.575
104.575
104.575
0
0
100.629
100.629
100.629
101.911
103.226
103.226
103.226
110.345
111.888
111.888
107.383
107.383
105.263
103.896
101.266
99.3789
97.561
0
0
0
0
0
0
0
0
104.575
104.575
102.564
0
0
0
0
0
0
0
108.844
108.844
101.266
0
0
0
101.911
101.911
100
100
100
0
0
0
0
0
0
0
0
0
121.212
128
131.148
134.454
137.931
141.593
141.593
0
0
0
0
0
0
0
0
0
0
0
0
0
0
0
0
0
0
0
125.984
125.984
125.984
0
0
89.8876
96.3855
96.3855
96.3855
96.3855
96.9697
96.9697
96.3855
0
0
0
0
0
0
105.263
105.263
104.575
103.226
101.266
100.629
0
0
0
0
0
0
113.475
113.475
108.108
0
0
0
107.383
107.383
103.896
101.911
100
100
100
100
103.226
107.383
111.888
115.108
118.519
121.212
124.031
124.031
124.031
123.077
123.077
0
0
0
0
0
0
0
0
0
457.143
457.143
94.6746
94.1176
94.1176
100
100
98.7654
98.1595
98.1595
98.1595
96.9697
95.2381
94.1176
93.5673
93.5673
94.1176
95.8084
96.9697
96.9697
0
0
0
0
94.6746
94.6746
94.1176
93.0233
0
0
0
0
0
0
103.226
103.226
102.564
102.564
103.896
103.896
103.896
0
0
113.475
113.475
116.788
116.788
116.788
114.286
108.844
102.564
95.2381
0
0
90.9091
90.9091
88.3978
87.4317
0
0
0
0
0
0
0
93.0233
93.0233
88.8889
85.5615
0
0
0
0
0
0
0
0
0
0
0
0
0
0
148.148
148.148
148.148
148.148
145.455
144.144
0
0
0
0
0
0
0
0
0
0
0
0
0
0
0
0
0
0
0
0
0
0
0
0
0
0
0
0
0
0
0
0
0
0
0
0
0
0
0
0
0
0
0
0
0
0
0
0
0
0
0
0
0
0
0
0
0
0
0
0
0
0
0
0
0
0
0
0
0
0
0
0
0
0
0
0
0
0
0
0
0
0
0
0
0
0
0
0
0
0
0
0
0
0
0
0
110.345
110.345
105.96
105.263
104.575
104.575
104.575
104.575
106.667
106.667
105.263
105.263
105.96
112.676
117.647
123.077
125.984
130.081
131.148
133.333
135.593
135.593
134.454
134.454
340.426
347.826
372.093
372.093
0
0
0
0
0
84.2105
84.2105
82.4742
0
0
0
0
0
102.564
102.564
101.266
101.266
100.629
100.629
100
100
98.7654
98.7654
96.9697
96.3855
95.2381
93.5673
0
0
90.3955
90.3955
88.3978
87.4317
85.1064
83.3333
83.3333
83.3333
82.9016
0
0
0
0
0
0
0
0
0
0
0
0
0
0
0
0
0
0
0
0
0
0
0
0
0
0
0
0
0
0
0
0
0
0
0
0
0
0
0
0
0
0
0
0
0
0
0
0
0
0
0
0
0
0
0
0
0
0
0
0
0
0
0
0
0
0
0
0
0
0
0
101.911
101.911
100
98.1595
0
0
0
0
106.667
108.844
109.589
111.888
111.888
111.888
121.212
122.137
124.031
126.984
130.081
131.148
131.148
0
0
0
0
0
0
0
0
0
0
173.913
173.913
172.043
172.043
0
0
0
0
0
0
0
0
0
0
0
98.1595
98.1595
98.1595
108.108
108.108
106.667
103.896
101.266
98.1595
95.8084
95.8084
97.561
97.561
97.561
97.561
96.9697
0
0
0
0
0
0
102.564
102.564
102.564
102.564
101.266
100.629
98.1595
97.561
96.9697
95.8084
93.5673
0
0
0
0
0
246.154
246.154
0
0
0
0
0
0
0
0
0
0
0
0
0
0
0
0
0
0
0
0
0
0
0
0
0
0
0
0
0
0
0
0
0
0
0
0
0
0
0
0
0
0
0
0
0
0
0
0
0
0
0
0
0
0
0
0
0
0
0
0
0
0
0
0
0
0
0
107.383
107.383
105.96
0
0
0
0
0
106.667
110.345
110.345
108.844
106.667
106.667
106.667
108.108
108.844
108.844
108.844
0
0
0
0
0
0
0
0
0
114.286
114.286
111.111
108.844
108.844
109.589
109.589
109.589
110.345
111.111
111.111
111.888
113.475
114.286
115.942
124.031
126.984
129.032
132.231
135.593
139.13
141.593
144.144
148.148
149.533
149.533
146.789
0
0
0
0
500
500
271.186
0
0
0
0
0
0
0
0
0
0
0
0
0
0
0
0
0
0
0
0
0
0
0
0
0
0
0
0
0
0
0
0
108.108
108.108
106.667
106.667
103.226
99.3789
93.0233
0
0
98.1595
98.1595
98.1595
225.352
225.352
87.4317
87.4317
93.0233
93.0233
93.0233
92.4855
92.4855
90.9091
88.3978
86.4865
86.4865
90.9091
94.1176
94.1176
92.4855
89.8876
86.9565
86.4865
86.4865
86.4865
86.4865
84.6561
84.2105
82.9016
0
0
0
0
0
0
0
0
0
0
0
0
173.913
173.913
0
0
0
0
0
0
0
0
0
0
0
0
0
0
0
0
0
0
0
102.564
102.564
102.564
102.564
102.564
101.911
101.911
101.911
98.1595
0
0
0
0
0
0
0
0
0
0
87.4317
87.4317
87.4317
86.4865
86.0215
84.2105
0
0
0
0
0
0
0
484.848
484.848
0
0
0
0
0
0
0
0
0
0
0
0
0
0
0
0
0
0
0
0
0
177.778
177.778
0
0
0
0
0
0
0
0
0
0
0
0
0
0
0
0
0
0
0
0
0
0
0
0
0
0
0
0
0
0
0
0
0
0
0
0
0
0
0
0
0
0
0
0
0
0
0
0
0
0
0
0
0
0
0
0
0
0
0
0
0
0
0
0
0
0
0
0
0
0
0
0
0
0
0
0
0
